2025-07-11 12:38:13.322 | INFO     | indusapi.status_api:scrape_data:72 - Launching browser...
2025-07-11 12:38:14.617 | INFO     | indusapi.status_api:_login:25 - Logging in to ERP system...
2025-07-11 12:38:37.004 | INFO     | indusapi.status_api:_navigate_to_orders:39 - Navigating to Orders section...
2025-07-11 12:38:41.779 | INFO     | indusapi.status_api:scrape_data:81 - Scraping page 1...
2025-07-11 12:38:42.127 | INFO     | indusapi.status_api:scrape_data:84 - Total records scraped so far: 18
2025-07-11 12:38:42.134 | INFO     | indusapi.status_api:scrape_data:95 - Clicking 'Next' to load more records...
2025-07-11 12:38:47.184 | INFO     | indusapi.status_api:scrape_data:81 - Scraping page 2...
2025-07-11 12:38:47.694 | INFO     | indusapi.status_api:scrape_data:84 - Total records scraped so far: 43
2025-07-11 12:38:47.703 | INFO     | indusapi.status_api:scrape_data:95 - Clicking 'Next' to load more records...
2025-07-11 12:38:52.739 | INFO     | indusapi.status_api:scrape_data:81 - Scraping page 3...
2025-07-11 12:38:53.245 | INFO     | indusapi.status_api:scrape_data:84 - Total records scraped so far: 68
2025-07-11 12:38:53.256 | INFO     | indusapi.status_api:scrape_data:95 - Clicking 'Next' to load more records...
2025-07-11 12:38:58.294 | INFO     | indusapi.status_api:scrape_data:81 - Scraping page 4...
2025-07-11 12:38:58.853 | INFO     | indusapi.status_api:scrape_data:84 - Total records scraped so far: 93
2025-07-11 12:38:58.871 | INFO     | indusapi.status_api:scrape_data:95 - Clicking 'Next' to load more records...
2025-07-11 12:39:03.917 | INFO     | indusapi.status_api:scrape_data:81 - Scraping page 5...
2025-07-11 12:39:04.423 | INFO     | indusapi.status_api:scrape_data:84 - Total records scraped so far: 118
2025-07-11 12:39:04.424 | INFO     | indusapi.status_api:scrape_data:87 - Reached max pages. Stopping pagination.
2025-07-11 12:39:04.518 | INFO     | indusapi.status_api:scrape_data:109 - Scraping completed. Total records: 118
2025-07-11 12:40:29.764 | INFO     | indusapi.status_api:scrape_data:72 - Launching browser...
2025-07-11 12:40:30.057 | INFO     | indusapi.status_api:_login:25 - Logging in to ERP system...
2025-07-11 12:40:40.664 | INFO     | indusapi.status_api:_navigate_to_orders:39 - Navigating to Orders section...
2025-07-11 12:40:45.261 | INFO     | indusapi.status_api:scrape_data:81 - Scraping page 1...
2025-07-11 12:40:45.774 | INFO     | indusapi.status_api:scrape_data:84 - Total records scraped so far: 18
2025-07-11 12:40:45.797 | INFO     | indusapi.status_api:scrape_data:95 - Clicking 'Next' to load more records...
2025-07-11 12:40:50.832 | INFO     | indusapi.status_api:scrape_data:81 - Scraping page 2...
2025-07-11 12:40:51.520 | INFO     | indusapi.status_api:scrape_data:84 - Total records scraped so far: 43
2025-07-11 12:40:51.530 | INFO     | indusapi.status_api:scrape_data:95 - Clicking 'Next' to load more records...
2025-07-11 12:40:56.572 | INFO     | indusapi.status_api:scrape_data:81 - Scraping page 3...
2025-07-11 12:40:57.193 | INFO     | indusapi.status_api:scrape_data:84 - Total records scraped so far: 68
2025-07-11 12:40:57.201 | INFO     | indusapi.status_api:scrape_data:95 - Clicking 'Next' to load more records...
2025-07-11 12:41:02.224 | INFO     | indusapi.status_api:scrape_data:81 - Scraping page 4...
2025-07-11 12:41:02.798 | INFO     | indusapi.status_api:scrape_data:84 - Total records scraped so far: 93
2025-07-11 12:41:02.807 | INFO     | indusapi.status_api:scrape_data:95 - Clicking 'Next' to load more records...
2025-07-11 12:41:07.832 | INFO     | indusapi.status_api:scrape_data:81 - Scraping page 5...
2025-07-11 12:41:08.263 | INFO     | indusapi.status_api:scrape_data:84 - Total records scraped so far: 118
2025-07-11 12:41:08.264 | INFO     | indusapi.status_api:scrape_data:87 - Reached max pages. Stopping pagination.
2025-07-11 12:41:08.349 | INFO     | indusapi.status_api:scrape_data:109 - Scraping completed. Total records: 118
